#
# A fatal error has been detected by the Java Runtime Environment:
#
#  EXCEPTION_ACCESS_VIOLATION (0xc0000005) at pc=0x00007ffc7d040953, pid=5312, tid=9664
#
# JRE version: Java(TM) SE Runtime Environment (8.0_65-b17) (build 1.8.0_65-b17)
# Java VM: Java HotSpot(TM) 64-Bit Server VM (25.65-b01 mixed mode windows-amd64 compressed oops)
# Problematic frame:
# C  [lwjgl_opengl.dll+0x10953]
#
# Failed to write core dump. Minidumps are not enabled by default on client versions of Windows
#
# If you would like to submit a bug report, please visit:
#   http://bugreport.java.com/bugreport/crash.jsp
# The crash happened outside the Java Virtual Machine in native code.
# See problematic frame for where to report the bug.
#

---------------  T H R E A D  ---------------

Current thread (0x000000001c6e8000):  JavaThread "Thread-2" [_thread_in_native, id=9664, stack(0x000000001eb40000,0x000000001ec40000)]

siginfo: ExceptionCode=0xc0000005, reading address 0x0000000000002f00

Registers:
RAX=0x000000005acb5d40, RBX=0x000000001ec844f8, RCX=0x0000000000000000, RDX=0x000000001ec3f2b8
RSP=0x000000001ec3f228, RBP=0x000000001ec3f2a8, RSI=0x0000000000200021, RDI=0x0000000004577ced
R8 =0x0000000000000006, R9 =0x000000001c3c3c20, R10=0x0000000004585e08, R11=0x000000005a749450
R12=0x0000000000000000, R13=0x000000001ec844f0, R14=0x000000001ec3f2d8, R15=0x000000001c6e8000
RIP=0x00007ffc7d040953, EFLAGS=0x0000000000010206

Top of Stack: (sp=0x000000001ec3f228)
0x000000001ec3f228:   0000000004585e34 0000000004577ced
0x000000001ec3f238:   0000000004585bab 000000001c6e8000
0x000000001ec3f248:   000000001ec844f8 000000003f800000
0x000000001ec3f258:   000000001c6e8000 0000000004585b62
0x000000001ec3f268:   000000001ec3f268 000000001ec844f0
0x000000001ec3f278:   000000001ec3f2d8 000000001ec98e20
0x000000001ec3f288:   0000000000000000 000000001ec844f8
0x000000001ec3f298:   0000000000000000 000000001ec3f2c8
0x000000001ec3f2a8:   000000001ec3f320 0000000004577ced
0x000000001ec3f2b8:   00000000d72fc9b8 000000000457f978
0x000000001ec3f2c8:   000000003f800000 000000003b4ccccd
0x000000001ec3f2d8:   000000003b4ccccd 000000001ec3f2e0
0x000000001ec3f2e8:   000000001dc90e9c 000000001ec3f360
0x000000001ec3f2f8:   000000001dc92538 0000000000000000
0x000000001ec3f308:   000000001dc90f18 000000001ec3f2c8
0x000000001ec3f318:   000000001ec3f360 000000001ec3f3a8 

Instructions: (pc=0x00007ffc7d040953)
0x00007ffc7d040933:   24 28 48 8b 48 18 48 ff a1 98 2e 00 00 48 8b 01
0x00007ffc7d040943:   0f 28 c2 f3 0f 10 54 24 28 0f 28 cb 48 8b 48 18
0x00007ffc7d040953:   48 ff a1 00 2f 00 00 cc cc cc cc cc cc 48 8b 01
0x00007ffc7d040963:   0f 28 c2 f2 0f 10 54 24 28 0f 28 cb 48 8b 48 18 


Register to memory mapping:

RAX=0x000000005acb5d40 is an unknown value
RBX={method} {0x000000001ec84500} 'glScalef' '(FFF)V' in 'org/lwjgl/opengl/GL11'
RCX=0x0000000000000000 is an unknown value
RDX=0x000000001ec3f2b8 is pointing into the stack for thread: 0x000000001c6e8000
RSP=0x000000001ec3f228 is pointing into the stack for thread: 0x000000001c6e8000
RBP=0x000000001ec3f2a8 is pointing into the stack for thread: 0x000000001c6e8000
RSI=0x0000000000200021 is an unknown value
RDI=0x0000000004577ced is at code_begin+2093 in an Interpreter codelet
invoke return entry points  [0x00000000045774c0, 0x0000000004577dc0]  2304 bytes
R8 =0x0000000000000006 is an unknown value
R9 =0x000000001c3c3c20 is an unknown value
R10=0x0000000004585e08 is at code_begin+840 in an Interpreter codelet
method entry point (kind = native)  [0x0000000004585ac0, 0x0000000004586420]  2400 bytes
R11=0x000000005a749450 is an unknown value
R12=0x0000000000000000 is an unknown value
R13=0x000000001ec844f0 is pointing into metadata
R14=0x000000001ec3f2d8 is pointing into the stack for thread: 0x000000001c6e8000
R15=0x000000001c6e8000 is a thread


Stack: [0x000000001eb40000,0x000000001ec40000],  sp=0x000000001ec3f228,  free space=1020k
Native frames: (J=compiled Java code, j=interpreted, Vv=VM code, C=native code)
C  [lwjgl_opengl.dll+0x10953]

Java frames: (J=compiled Java code, j=interpreted, Vv=VM code)
j  org.lwjgl.opengl.GL11.glScalef(FFF)V+0
j  pixelphysics2.main.OpenGL.init()V+220
j  pixelphysics2.main.OpenGL.run()V+30
j  java.lang.Thread.run()V+11
v  ~StubRoutines::call_stub

---------------  P R O C E S S  ---------------

Java Threads: ( => current thread )
=>0x000000001c6e8000 JavaThread "Thread-2" [_thread_in_native, id=9664, stack(0x000000001eb40000,0x000000001ec40000)]
  0x000000001c2af000 JavaThread "AWT-EventQueue-0" [_thread_blocked, id=9292, stack(0x000000001db00000,0x000000001dc00000)]
  0x000000001b77f000 JavaThread "AWT-Windows" daemon [_thread_in_native, id=14300, stack(0x000000001ccd0000,0x000000001cdd0000)]
  0x000000001b899000 JavaThread "AWT-Shutdown" [_thread_blocked, id=3472, stack(0x000000001cbd0000,0x000000001ccd0000)]
  0x000000001b860800 JavaThread "Java2D Disposer" daemon [_thread_blocked, id=5368, stack(0x000000001cad0000,0x000000001cbd0000)]
  0x000000001b52c800 JavaThread "Service Thread" daemon [_thread_blocked, id=5896, stack(0x000000001beb0000,0x000000001bfb0000)]
  0x000000001b4ec000 JavaThread "C1 CompilerThread3" daemon [_thread_blocked, id=4444, stack(0x000000001bdb0000,0x000000001beb0000)]
  0x000000001b4e4000 JavaThread "C2 CompilerThread2" daemon [_thread_blocked, id=9108, stack(0x000000001bcb0000,0x000000001bdb0000)]
  0x000000001b4dd800 JavaThread "C2 CompilerThread1" daemon [_thread_blocked, id=9820, stack(0x000000001bbb0000,0x000000001bcb0000)]
  0x000000001b4db000 JavaThread "C2 CompilerThread0" daemon [_thread_blocked, id=1884, stack(0x000000001bab0000,0x000000001bbb0000)]
  0x000000001b4d8800 JavaThread "Attach Listener" daemon [_thread_blocked, id=10208, stack(0x000000001b9b0000,0x000000001bab0000)]
  0x000000001b4d7800 JavaThread "Signal Dispatcher" daemon [_thread_blocked, id=3052, stack(0x000000001b8b0000,0x000000001b9b0000)]
  0x000000000456b800 JavaThread "Finalizer" daemon [_thread_blocked, id=14728, stack(0x000000001b3b0000,0x000000001b4b0000)]
  0x0000000004565000 JavaThread "Reference Handler" daemon [_thread_blocked, id=14324, stack(0x000000001b2b0000,0x000000001b3b0000)]
  0x0000000004473800 JavaThread "main" [_thread_in_Java, id=14320, stack(0x00000000042b0000,0x00000000043b0000)]

Other Threads:
  0x00000000194e8000 VMThread [stack: 0x000000001b1b0000,0x000000001b2b0000] [id=15236]
  0x000000001b531000 WatcherThread [stack: 0x000000001bfb0000,0x000000001c0b0000] [id=5972]

VM state:not at safepoint (normal execution)

VM Mutex/Monitor currently owned by a thread: None

Heap:
 PSYoungGen      total 38400K, used 21444K [0x00000000d5f00000, 0x00000000d8980000, 0x0000000100000000)
  eden space 33280K, 64% used [0x00000000d5f00000,0x00000000d73f12f0,0x00000000d7f80000)
  from space 5120K, 0% used [0x00000000d8480000,0x00000000d8480000,0x00000000d8980000)
  to   space 5120K, 0% used [0x00000000d7f80000,0x00000000d7f80000,0x00000000d8480000)
 ParOldGen       total 87552K, used 0K [0x0000000081c00000, 0x0000000087180000, 0x00000000d5f00000)
  object space 87552K, 0% used [0x0000000081c00000,0x0000000081c00000,0x0000000087180000)
 Metaspace       used 11982K, capacity 12180K, committed 12288K, reserved 1060864K
  class space    used 1420K, capacity 1495K, committed 1536K, reserved 1048576K

Card table byte_map: [0x0000000013930000,0x0000000013d30000] byte_map_base: 0x0000000013522000

Marking Bits: (ParMarkBitMap*) 0x000000005ad2a5b0
 Begin Bits: [0x00000000147e0000, 0x0000000016770000)
 End Bits:   [0x0000000016770000, 0x0000000018700000)

Polling page: 0x00000000025e0000

CodeCache: size=245760Kb used=2873Kb max_used=2885Kb free=242886Kb
 bounds [0x0000000004570000, 0x0000000004850000, 0x0000000013570000]
 total_blobs=1595 nmethods=694 adapters=814
 compilation: enabled

Compilation events (10 events):
Event: 1.738 Thread 0x000000001b4ec000 nmethod 688 0x000000000483b8d0 code [0x000000000483ba80, 0x000000000483c128]
Event: 1.738 Thread 0x000000001b4ec000  689       3       java.util.regex.Pattern$Node::match (27 bytes)
Event: 1.738 Thread 0x000000001b4ec000 nmethod 689 0x000000000483c2d0 code [0x000000000483c440, 0x000000000483c5f0]
Event: 1.738 Thread 0x000000001b4ec000  691       3       java.nio.ByteBuffer::<init> (45 bytes)
Event: 1.738 Thread 0x000000001b4ec000 nmethod 691 0x000000000483c710 code [0x000000000483c880, 0x000000000483cac8]
Event: 1.739 Thread 0x000000001b4dd800  692       4       java.util.HashMap::getNode (148 bytes)
Event: 1.740 Thread 0x000000001b4ec000  693   !   3       java.net.URL::set (114 bytes)
Event: 1.741 Thread 0x000000001b4db000  694       4       sun.nio.cs.UTF_8$Encoder::encode (359 bytes)
Event: 1.741 Thread 0x000000001b4dd800 nmethod 692 0x000000000483fa50 code [0x000000000483fba0, 0x000000000483fdf8]
Event: 1.741 Thread 0x000000001b4ec000 nmethod 693 0x000000000483e710 code [0x000000000483e900, 0x000000000483f438]

GC Heap History (0 events):
No events

Deoptimization events (2 events):
Event: 0.196 Thread 0x0000000004473800 Uncommon trap: reason=null_check action=make_not_entrant pc=0x00000000046d635c method=java.lang.String.equals(Ljava/lang/Object;)Z @ 8
Event: 1.628 Thread 0x0000000004473800 Uncommon trap: reason=unstable_if action=reinterpret pc=0x00000000047bce90 method=pixelphysics2.main.Main.main([Ljava/lang/String;)V @ 281

Internal exceptions (10 events):
Event: 0.105 Thread 0x0000000004473800 Exception <a 'java/security/PrivilegedActionException'> (0x00000000d610e918) thrown at [C:\workspace\8-2-build-windows-amd64-cygwin\jdk8u65\4987\hotspot\src\share\vm\prims\jvm.cpp, line 1386]
Event: 0.105 Thread 0x0000000004473800 Exception <a 'java/security/PrivilegedActionException'> (0x00000000d610eb28) thrown at [C:\workspace\8-2-build-windows-amd64-cygwin\jdk8u65\4987\hotspot\src\share\vm\prims\jvm.cpp, line 1386]
Event: 0.109 Thread 0x0000000004473800 Exception <a 'java/io/FileNotFoundException'> (0x00000000d6111050) thrown at [C:\workspace\8-2-build-windows-amd64-cygwin\jdk8u65\4987\hotspot\src\share\vm\prims\jni.cpp, line 709]
Event: 0.142 Thread 0x0000000004473800 Exception <a 'java/lang/NoSuchFieldError': method resolution failed> (0x00000000d61deb18) thrown at [C:\workspace\8-2-build-windows-amd64-cygwin\jdk8u65\4987\hotspot\src\share\vm\prims\methodHandles.cpp, line 1146]
Event: 0.144 Thread 0x0000000004473800 Exception <a 'java/lang/NoSuchFieldError': method resolution failed> (0x00000000d61ebee8) thrown at [C:\workspace\8-2-build-windows-amd64-cygwin\jdk8u65\4987\hotspot\src\share\vm\prims\methodHandles.cpp, line 1146]
Event: 0.173 Thread 0x0000000004473800 Exception <a 'java/io/FileNotFoundException'> (0x00000000d6275790) thrown at [C:\workspace\8-2-build-windows-amd64-cygwin\jdk8u65\4987\hotspot\src\share\vm\prims\jni.cpp, line 709]
Event: 0.196 Thread 0x0000000004473800 Implicit null exception at 0x00000000046d619b to 0x00000000046d634d
Event: 1.533 Thread 0x0000000004473800 Exception <a 'java/lang/NoSuchMethodError': java.lang.Object.lambda$static$0(Ljava/lang/String;)Ljava/lang/Boolean;> (0x00000000d6dc7530) thrown at [C:\workspace\8-2-build-windows-amd64-cygwin\jdk8u65\4987\hotspot\src\share\vm\interpreter\linkResolver.cpp,†# j—Óû?
Event: 1.739 Thread 0x000000001c6e8000 Exception <a 'sun/nio/fs/WindowsException'> (0x00000000d7343dc0) thrown at [C:\workspace\8-2-build-windows-amd64-cygwin\jdk8u65\4987\hotspot\src\share\vm\prims\jni.cpp, line 709]
Event: 1.740 Thread 0x000000001c6e8000 Exception <a 'sun/nio/fs/WindowsException'> (0x00000000d7344590) thrown at [C:\workspace\8-2-build-windows-amd64-cygwin\jdk8u65\4987\hotspot\src\share\vm\prims\jni.cpp, line 709]

Events (10 events):
Event: 1.740 loading class java/nio/file/NoSuchFileException
Event: 1.740 loading class java/nio/file/FileSystemException
Event: 1.740 loading class java/nio/file/FileSystemException done
Event: 1.740 loading class java/nio/file/NoSuchFileException done
Event: 1.740 loading class org/lwjgl/opengl/GL$1
Event: 1.740 loading class org/lwjgl/opengl/GL$1 done
Event: 1.741 loading class org/lwjgl/opengl/GL$SharedLibraryGL
Event: 1.741 loading class org/lwjgl/opengl/GL$SharedLibraryGL done
Event: 1.741 loading class org/lwjgl/system/SharedLibrary$Delegate
Event: 1.741 loading class org/lwjgl/system/SharedLibrary$Delegate done


Dynamic libraries:
0x00007ff65ab60000 - 0x00007ff65ab97000 	C:\Program Files\Java\jdk1.8.0_65\bin\javaw.exe
0x00007ffc95c90000 - 0x00007ffc95e70000 	C:\WINDOWS\SYSTEM32\ntdll.dll
0x00007ffc94fd0000 - 0x00007ffc9507e000 	C:\WINDOWS\System32\KERNEL32.DLL
0x00007ffc92c30000 - 0x00007ffc92e96000 	C:\WINDOWS\System32\KERNELBASE.dll
0x00007ffc95980000 - 0x00007ffc95a21000 	C:\WINDOWS\System32\ADVAPI32.dll
0x00007ffc95a30000 - 0x00007ffc95acd000 	C:\WINDOWS\System32\msvcrt.dll
0x00007ffc94840000 - 0x00007ffc9489b000 	C:\WINDOWS\System32\sechost.dll
0x00007ffc95260000 - 0x00007ffc9537f000 	C:\WINDOWS\System32\RPCRT4.dll
0x00007ffc94c10000 - 0x00007ffc94d9f000 	C:\WINDOWS\System32\USER32.dll
0x00007ffc93040000 - 0x00007ffc93060000 	C:\WINDOWS\System32\win32u.dll
0x00007ffc95950000 - 0x00007ffc95978000 	C:\WINDOWS\System32\GDI32.dll
0x00007ffc92ea0000 - 0x00007ffc93033000 	C:\WINDOWS\System32\gdi32full.dll
0x00007ffc92b90000 - 0x00007ffc92c2b000 	C:\WINDOWS\System32\msvcp_win.dll
0x00007ffc93060000 - 0x00007ffc93156000 	C:\WINDOWS\System32\ucrtbase.dll
0x00007ffc840a0000 - 0x00007ffc84309000 	C:\WINDOWS\WinSxS\amd64_microsoft.windows.common-controls_6595b64144ccf1df_6.0.16299.309_none_15cfd4c4935e6b11\COMCTL32.dll
0x00007ffc94900000 - 0x00007ffc94c08000 	C:\WINDOWS\System32\combase.dll
0x00007ffc921a0000 - 0x00007ffc92212000 	C:\WINDOWS\System32\bcryptPrimitives.dll
0x00007ffc93160000 - 0x00007ffc9318d000 	C:\WINDOWS\System32\IMM32.DLL
0x000000005adb0000 - 0x000000005ae82000 	C:\Program Files\Java\jdk1.8.0_65\jre\bin\msvcr100.dll
0x000000005a520000 - 0x000000005ada9000 	C:\Program Files\Java\jdk1.8.0_65\jre\bin\server\jvm.dll
0x00007ffc95940000 - 0x00007ffc95948000 	C:\WINDOWS\System32\PSAPI.DLL
0x00007ffc8d430000 - 0x00007ffc8d43a000 	C:\WINDOWS\SYSTEM32\VERSION.dll
0x00007ffc8b410000 - 0x00007ffc8b433000 	C:\WINDOWS\SYSTEM32\WINMM.dll
0x00007ffc90cb0000 - 0x00007ffc90cb9000 	C:\WINDOWS\SYSTEM32\WSOCK32.dll
0x00007ffc95080000 - 0x00007ffc950ec000 	C:\WINDOWS\System32\WS2_32.dll
0x00007ffc8b0e0000 - 0x00007ffc8b10a000 	C:\WINDOWS\SYSTEM32\WINMMBASE.dll
0x00007ffc923f0000 - 0x00007ffc9243a000 	C:\WINDOWS\System32\cfgmgr32.dll
0x000000005a510000 - 0x000000005a51f000 	C:\Program Files\Java\jdk1.8.0_65\jre\bin\verify.dll
0x000000005a4e0000 - 0x000000005a509000 	C:\Program Files\Java\jdk1.8.0_65\jre\bin\java.dll
0x000000005a4c0000 - 0x000000005a4d6000 	C:\Program Files\Java\jdk1.8.0_65\jre\bin\zip.dll
0x00007ffc93400000 - 0x00007ffc94836000 	C:\WINDOWS\System32\SHELL32.dll
0x00007ffc95890000 - 0x00007ffc95936000 	C:\WINDOWS\System32\shcore.dll
0x00007ffc92440000 - 0x00007ffc92b87000 	C:\WINDOWS\System32\windows.storage.dll
0x00007ffc948a0000 - 0x00007ffc948f1000 	C:\WINDOWS\System32\shlwapi.dll
0x00007ffc92070000 - 0x00007ffc92081000 	C:\WINDOWS\System32\kernel.appcore.dll
0x00007ffc92020000 - 0x00007ffc9206c000 	C:\WINDOWS\System32\powrprof.dll
0x00007ffc92000000 - 0x00007ffc9201b000 	C:\WINDOWS\System32\profapi.dll
0x000000005a320000 - 0x000000005a4b8000 	C:\Program Files\Java\jdk1.8.0_65\jre\bin\awt.dll
0x00007ffc93190000 - 0x00007ffc93255000 	C:\WINDOWS\System32\OLEAUT32.dll
0x00007ffc8bef0000 - 0x00007ffc8bf78000 	C:\WINDOWS\SYSTEM32\apphelp.dll
0x00007ffc90680000 - 0x00007ffc906aa000 	C:\WINDOWS\system32\DWMAPI.DLL
0x00007ffc903a0000 - 0x00007ffc90435000 	C:\WINDOWS\system32\uxtheme.dll
0x00007ffc950f0000 - 0x00007ffc95257000 	C:\WINDOWS\System32\MSCTF.dll
0x00007ffc94da0000 - 0x00007ffc94ee9000 	C:\WINDOWS\System32\ole32.dll
0x000000005a2d0000 - 0x000000005a317000 	C:\Program Files\Java\jdk1.8.0_65\jre\bin\fontmanager.dll
0x000000005a2b0000 - 0x000000005a2ca000 	C:\Program Files\Java\jdk1.8.0_65\jre\bin\net.dll
0x00007ffc91810000 - 0x00007ffc91876000 	C:\WINDOWS\system32\mswsock.dll
0x000000005a290000 - 0x000000005a2a1000 	C:\Program Files\Java\jdk1.8.0_65\jre\bin\nio.dll
0x000000005a240000 - 0x000000005a282000 	C:\Program Files\Java\jdk1.8.0_65\jre\bin\t2k.dll
0x00007ffc85f90000 - 0x00007ffc86028000 	C:\WINDOWS\System32\TextInputFramework.dll
0x00007ffc8ae80000 - 0x00007ffc8af5c000 	C:\WINDOWS\System32\CoreMessaging.dll
0x00007ffc89e70000 - 0x00007ffc8a15e000 	C:\WINDOWS\System32\CoreUIComponents.dll
0x00007ffc91110000 - 0x00007ffc91141000 	C:\WINDOWS\SYSTEM32\ntmarta.dll
0x00007ffc8f260000 - 0x00007ffc8f396000 	C:\WINDOWS\SYSTEM32\wintypes.dll
0x00007ffc82990000 - 0x00007ffc829eb000 	C:\Users\Ewan\AppData\Local\Temp\lwjglEwan\3.1.6-build-14\lwjgl.dll
0x00007ffc7ed00000 - 0x00007ffc7ed51000 	C:\Users\Ewan\AppData\Local\Temp\lwjglEwan\3.1.6-build-14\glfw.dll
0x00007ffc863f0000 - 0x00007ffc86433000 	C:\WINDOWS\SYSTEM32\dinput8.dll
0x00007ffc8e3e0000 - 0x00007ffc8e3f0000 	C:\WINDOWS\SYSTEM32\xinput1_4.dll
0x00007ffc91df0000 - 0x00007ffc91e17000 	C:\WINDOWS\SYSTEM32\DEVOBJ.dll
0x00007ffc89d70000 - 0x00007ffc89d9e000 	C:\WINDOWS\SYSTEM32\inputhost.dll
0x00007ffc90be0000 - 0x00007ffc90bec000 	C:\WINDOWS\SYSTEM32\HID.DLL
0x00007ffc95380000 - 0x00007ffc957ce000 	C:\WINDOWS\System32\SETUPAPI.DLL
0x00007ffc92140000 - 0x00007ffc92198000 	C:\WINDOWS\System32\WINTRUST.dll
0x00007ffc91fe0000 - 0x00007ffc91ff2000 	C:\WINDOWS\System32\MSASN1.dll
0x00007ffc92220000 - 0x00007ffc923ee000 	C:\WINDOWS\System32\CRYPT32.dll
0x00007ffc6db40000 - 0x00007ffc6dc5e000 	C:\WINDOWS\SYSTEM32\opengl32.dll
0x00007ffc6e9c0000 - 0x00007ffc6e9ec000 	C:\WINDOWS\SYSTEM32\GLU32.dll
0x00007ffc4d390000 - 0x00007ffc4de89000 	C:\WINDOWS\SYSTEM32\ig75icd64.dll
0x00007ffc90c90000 - 0x00007ffc90ca3000 	C:\WINDOWS\SYSTEM32\WTSAPI32.dll
0x00007ffc88000000 - 0x00007ffc88a05000 	C:\WINDOWS\SYSTEM32\igdusc64.dll
0x00007ffc90e40000 - 0x00007ffc90eef000 	C:\WINDOWS\SYSTEM32\dxgi.dll
0x00007ffc8ed00000 - 0x00007ffc8efe2000 	C:\WINDOWS\SYSTEM32\d3d11.dll
0x00007ffc88a10000 - 0x00007ffc8971d000 	C:\WINDOWS\SYSTEM32\igd10iumd64.dll
0x00007ffc91b40000 - 0x00007ffc91b65000 	C:\WINDOWS\SYSTEM32\bcrypt.dll
0x00007ffc91ab0000 - 0x00007ffc91ad6000 	C:\WINDOWS\SYSTEM32\ncrypt.dll
0x00007ffc91a70000 - 0x00007ffc91aa6000 	C:\WINDOWS\SYSTEM32\NTASN1.dll
0x00007ffc7d030000 - 0x00007ffc7d08f000 	C:\Users\Ewan\AppData\Local\Temp\lwjglEwan\3.1.6-build-14\lwjgl_opengl.dll
0x00007ffc8d550000 - 0x00007ffc8d718000 	C:\WINDOWS\SYSTEM32\dbghelp.dll

VM Arguments:
jvm_args: -Dfile.encoding=Cp1252 
java_command: pixelphysics2.main.Main
java_class_path (initial): C:\Users\Ewan\git\Pixel-Physics-2\PixelPhysics2\bin;C:\Users\Ewan\git\Pixel-Physics-2\PixelPhysics2\jgoodies-forms-1.8.0.jar;C:\Users\Ewan\Downloads\lwjgl-stable-2018-03-10-custom (1)\realshit\joml-1.9.8.jar;C:\Users\Ewan\Downloads\lwjgl-stable-2018-03-10-custom (1)\realshit\lwjgl.jar;C:\Users\Ewan\Downloads\lwjgl-stable-2018-03-10-custom (1)\realshit\lwjgl-assimp.jar;C:\Users\Ewan\Downloads\lwjgl-stable-2018-03-10-custom (1)\realshit\lwjgl-assimp-natives-windows.jar;C:\Users\Ewan\Downloads\lwjgl-stable-2018-03-10-custom (1)\realshit\lwjgl-bgfx.jar;C:\Users\Ewan\Downloads\lwjgl-stable-2018-03-10-custom (1)\realshit\lwjgl-bgfx-natives-windows.jar;C:\Users\Ewan\Downloads\lwjgl-stable-2018-03-10-custom (1)\realshit\lwjgl-egl.jar;C:\Users\Ewan\Downloads\lwjgl-stable-2018-03-10-custom (1)\realshit\lwjgl-glfw.jar;C:\Users\Ewan\Downloads\lwjgl-stable-2018-03-10-custom (1)\realshit\lwjgl-glfw-natives-windows.jar;C:\Users\Ewan\Downloads\lwjgl-stable-2018-03-10-custom (1)\realshit\lwjgl-jawt.jar;C:\Users\Ewan\Downloads\lwjgl-stable-2018-03-10-custom (1)\realshit\lwjgl-jemalloc.jar;C:\Users\Ewan\Downloads\lwjgl-stable-2018-03-10-custom (1)\realshit\lwjgl-jemalloc-natives-windows.jar;C:\Users\Ewan\Downloads\lwjgl-stable-2018-03-10-custom (1)\realshit\lwjgl-lmdb.jar;C:\Users\Ewan\Downloads\lwjgl-stable-2018-03-10-custom (1)\realshit\lwjgl-lmdb-natives-windows.jar;C:\Users\Ewan\Downloads\lwjgl-stable-2018-03-10-custom (1)\realshit\lwjgl-lz4.jar;C:\Users\Ewan\Downloads\lwjgl-stable-2018-03-10-custom (1)\realshit\lwjgl-lz4-natives-windows.jar;C:\Users\Ewan\Downloads\lwjgl-stable-2018-03-10-custom (1)\realshit\lwjgl-nanovg.jar;C:\Users\Ewan\Downloads\lwjgl-stable-2018-03-10-custom (1)\realshit\lwjgl-nanovg-natives-windows.jar;C:\Users\Ewan\Downloads\lwjgl-stable-2018-03-10-custom (1)\realshit\lwjgl-natives-windows.jar;C:\Users\Ewan\Downloads\lwjgl-stable-2018-03-10-custom (1)\realshit\lwjgl-nfd.jar;C:\Users\Ewan\Downloads\lwjgl-stable-2018-03-10-custom (
Launcher Type: SUN_STANDARD

Environment Variables:
JAVA_HOME=C:\Program Files\Java\jre1.8.0_65
PATH=C:/Program Files/Java/jre1.8.0_144/bin/server;C:/Program Files/Java/jre1.8.0_144/bin;C:/Program Files/Java/jre1.8.0_144/lib/amd64;C:\ProgramData\Oracle\Java\javapath;C:\Windows\system32;C:\Windows;C:\Windows\System32\Wbem;C:\Windows\System32\WindowsPowerShell\v1.0\;C:\WINDOWS\system32;C:\WINDOWS;C:\WINDOWS\System32\Wbem;C:\WINDOWS\System32\WindowsPowerShell\v1.0\;C:\Program Files\Microsoft SQL Server\120\Tools\Binn\;C:\Users\Ewan\.dnx\bin;C:\Program Files\Microsoft DNX\Dnvm\;C:\Program Files\Microsoft SQL Server\130\Tools\Binn\;C:\Program Files (x86)\Windows Kits\10\Windows Performance Toolkit\;C:\Program Files (x86)\nodejs\;C:\Program Files (x86)\Windows Live\Shared;C:\WINDOWS\system32;C:\WINDOWS;C:\WINDOWS\System32\Wbem;C:\WINDOWS\System32\WindowsPowerShell\v1.0\;C:\Program Files\AMI\DuOS\;C:\Program Files (x86)\Skype\Phone\;C:\ffmpeg\bin;;C:\Program Files (x86)\NVIDIA Corporation\PhysX\Common;C:\Users\Ewan\AppData\Roaming\npm;C:\Users\Ewan\AppData\Local\Microsoft\WindowsApps;;C:\Program Files\AMI\DuOS\;C:\WINDOWS\system32;
USERNAME=Ewan
OS=Windows_NT
PROCESSOR_IDENTIFIER=Intel64 Family 6 Model 60 Stepping 3, GenuineIntel



---------------  S Y S T E M  ---------------

OS: Windows 10.0 , 64 bit Build 16299 (10.0.16299.15)

CPU:total 8 (4 cores per cpu, 2 threads per core) family 6 model 60 stepping 3, cmov, cx8, fxsr, mmx, sse, sse2, sse3, ssse3, sse4.1, sse4.2, popcnt, avx, avx2, aes, clmul, erms, lzcnt, ht, tsc, tscinvbit, bmi1, bmi2

Memory: 4k page, physical 8271308k(1871656k free), swap 10858348k(1955124k free)

vm_info: Java HotSpot(TM) 64-Bit Server VM (25.65-b01) for windows-amd64 JRE (1.8.0_65-b17), built on Oct  6 2015 16:39:20 by "java_re" with MS VC++ 10.0 (VS2010)

time: Thu Mar 15 09:53:23 2018
elapsed time: 1 seconds (0d 0h 0m 1s)

