#
# A fatal error has been detected by the Java Runtime Environment:
#
#  EXCEPTION_ACCESS_VIOLATION (0xc0000005) at pc=0x00007fff47c616ec, pid=6772, tid=4520
#
# JRE version: Java(TM) SE Runtime Environment (8.0_65-b17) (build 1.8.0_65-b17)
# Java VM: Java HotSpot(TM) 64-Bit Server VM (25.65-b01 mixed mode windows-amd64 compressed oops)
# Problematic frame:
# C  [lwjgl_opengl.dll+0x116ec]
#
# Failed to write core dump. Minidumps are not enabled by default on client versions of Windows
#
# If you would like to submit a bug report, please visit:
#   http://bugreport.java.com/bugreport/crash.jsp
# The crash happened outside the Java Virtual Machine in native code.
# See problematic frame for where to report the bug.
#

---------------  T H R E A D  ---------------

Current thread (0x0000000004443800):  JavaThread "main" [_thread_in_native, id=4520, stack(0x00000000042b0000,0x00000000043b0000)]

siginfo: ExceptionCode=0xc0000005, reading address 0x0000000000004268

Registers:
RAX=0x000000006d855d40, RBX=0x000000001e9c9af0, RCX=0x0000000000000000, RDX=0x0000000000000000
RSP=0x00000000043af628, RBP=0x00000000043af6b8, RSI=0x0000000000000000, RDI=0x0000000004547ced
R8 =0x000000000000000a, R9 =0x000000000000000a, R10=0x0000000000000000, R11=0x000000006d2e9450
R12=0x0000000000000000, R13=0x000000001e9c9ae8, R14=0x00000000043af6f0, R15=0x0000000004443800
RIP=0x00007fff47c616ec, EFLAGS=0x0000000000010202

Top of Stack: (sp=0x00000000043af628)
0x00000000043af628:   0000000004555e34 0000000000000000
0x00000000043af638:   0000000004547ced 0000000004547ced
0x00000000043af648:   0000000004555bab 000000000000000a
0x00000000043af658:   000000000000000a 0000000000000000
0x00000000043af668:   0000000004443800 0000000004555b62
0x00000000043af678:   00000000043af678 000000001e9c9ae8
0x00000000043af688:   00000000043af6f0 000000001e9d4ff0
0x00000000043af698:   0000000000000000 000000001e9c9af0
0x00000000043af6a8:   0000000000000000 00000000043af6d8
0x00000000043af6b8:   00000000043af738 0000000004547ced
0x00000000043af6c8:   00000000d72964c0 000000000454f978
0x00000000043af6d8:   000000000000000a 000000000000000a
0x00000000043af6e8:   0000000000000000 0000000000000000
0x00000000043af6f8:   00000000043af6f8 000000001dab2ef9
0x00000000043af708:   00000000043af778 000000001dab3310
0x00000000043af718:   0000000000000000 000000001dab2fd8 

Instructions: (pc=0x00007fff47c616ec)
0x00007fff47c616cc:   cc cc cc cc 40 53 48 8b 01 41 8b d8 44 8b 44 24
0x00007fff47c616dc:   30 41 8b d1 44 8b 4c 24 38 8b cb 4c 8b 50 18 5b
0x00007fff47c616ec:   49 ff a2 68 42 00 00 cc cc cc cc cc cc cc cc cc
0x00007fff47c616fc:   cc cc cc cc 40 53 48 83 ec 50 48 8b 01 41 8b d8 


Register to memory mapping:

RAX=0x000000006d855d40 is an unknown value
RBX={method} {0x000000001e9c9af8} 'glViewport' '(IIII)V' in 'org/lwjgl/opengl/GL11'
RCX=0x0000000000000000 is an unknown value
RDX=0x0000000000000000 is an unknown value
RSP=0x00000000043af628 is pointing into the stack for thread: 0x0000000004443800
RBP=0x00000000043af6b8 is pointing into the stack for thread: 0x0000000004443800
RSI=0x0000000000000000 is an unknown value
RDI=0x0000000004547ced is at code_begin+2093 in an Interpreter codelet
invoke return entry points  [0x00000000045474c0, 0x0000000004547dc0]  2304 bytes
R8 =0x000000000000000a is an unknown value
R9 =0x000000000000000a is an unknown value
R10=0x0000000000000000 is an unknown value
R11=0x000000006d2e9450 is an unknown value
R12=0x0000000000000000 is an unknown value
R13=0x000000001e9c9ae8 is pointing into metadata
R14=0x00000000043af6f0 is pointing into the stack for thread: 0x0000000004443800
R15=0x0000000004443800 is a thread


Stack: [0x00000000042b0000,0x00000000043b0000],  sp=0x00000000043af628,  free space=1021k
Native frames: (J=compiled Java code, j=interpreted, Vv=VM code, C=native code)
C  [lwjgl_opengl.dll+0x116ec]
C  0x0000000004555e34

Java frames: (J=compiled Java code, j=interpreted, Vv=VM code)
j  org.lwjgl.opengl.GL11.glViewport(IIII)V+0
j  pixelphysics2.main.LWJGL.init()V+129
j  pixelphysics2.main.LWJGL.run()V+30
j  pixelphysics2.main.Main.main([Ljava/lang/String;)V+252
v  ~StubRoutines::call_stub

---------------  P R O C E S S  ---------------

Java Threads: ( => current thread )
  0x000000001c5e4800 JavaThread "AWT-EventQueue-0" [_thread_blocked, id=8980, stack(0x000000001d8f0000,0x000000001d9f0000)]
  0x000000001b948000 JavaThread "AWT-Windows" daemon [_thread_in_native, id=8880, stack(0x000000001cf40000,0x000000001d040000)]
  0x000000001b945800 JavaThread "AWT-Shutdown" [_thread_blocked, id=15316, stack(0x000000001ce40000,0x000000001cf40000)]
  0x000000001b944800 JavaThread "Java2D Disposer" daemon [_thread_blocked, id=12580, stack(0x000000001cd40000,0x000000001ce40000)]
  0x000000001b62e800 JavaThread "Service Thread" daemon [_thread_blocked, id=8864, stack(0x000000001bf70000,0x000000001c070000)]
  0x000000001b5a5800 JavaThread "C1 CompilerThread3" daemon [_thread_blocked, id=14196, stack(0x000000001be70000,0x000000001bf70000)]
  0x000000001b5a0000 JavaThread "C2 CompilerThread2" daemon [_thread_blocked, id=10360, stack(0x000000001bd70000,0x000000001be70000)]
  0x000000001b59e800 JavaThread "C2 CompilerThread1" daemon [_thread_blocked, id=13136, stack(0x000000001bc70000,0x000000001bd70000)]
  0x000000001b59c000 JavaThread "C2 CompilerThread0" daemon [_thread_blocked, id=10192, stack(0x000000001bb70000,0x000000001bc70000)]
  0x000000001b599800 JavaThread "Attach Listener" daemon [_thread_blocked, id=752, stack(0x000000001ba70000,0x000000001bb70000)]
  0x00000000194ce800 JavaThread "Signal Dispatcher" daemon [_thread_blocked, id=10552, stack(0x000000001b970000,0x000000001ba70000)]
  0x000000000453d800 JavaThread "Finalizer" daemon [_thread_blocked, id=13208, stack(0x000000001b380000,0x000000001b480000)]
  0x00000000194bc800 JavaThread "Reference Handler" daemon [_thread_blocked, id=4796, stack(0x000000001b280000,0x000000001b380000)]
=>0x0000000004443800 JavaThread "main" [_thread_in_native, id=4520, stack(0x00000000042b0000,0x00000000043b0000)]

Other Threads:
  0x00000000194b8000 VMThread [stack: 0x000000001b180000,0x000000001b280000] [id=6116]
  0x000000001b65c800 WatcherThread [stack: 0x000000001c070000,0x000000001c170000] [id=1820]

VM state:not at safepoint (normal execution)

VM Mutex/Monitor currently owned by a thread: None

Heap:
 PSYoungGen      total 38400K, used 20908K [0x00000000d5f00000, 0x00000000d8980000, 0x0000000100000000)
  eden space 33280K, 62% used [0x00000000d5f00000,0x00000000d736b238,0x00000000d7f80000)
  from space 5120K, 0% used [0x00000000d8480000,0x00000000d8480000,0x00000000d8980000)
  to   space 5120K, 0% used [0x00000000d7f80000,0x00000000d7f80000,0x00000000d8480000)
 ParOldGen       total 87552K, used 0K [0x0000000081c00000, 0x0000000087180000, 0x00000000d5f00000)
  object space 87552K, 0% used [0x0000000081c00000,0x0000000081c00000,0x0000000087180000)
 Metaspace       used 11951K, capacity 12180K, committed 12544K, reserved 1060864K
  class space    used 1418K, capacity 1493K, committed 1536K, reserved 1048576K

Card table byte_map: [0x0000000013900000,0x0000000013d00000] byte_map_base: 0x00000000134f2000

Marking Bits: (ParMarkBitMap*) 0x000000006d8ca5b0
 Begin Bits: [0x00000000147b0000, 0x0000000016740000)
 End Bits:   [0x0000000016740000, 0x00000000186d0000)

Polling page: 0x0000000002650000

CodeCache: size=245760Kb used=2740Kb max_used=2752Kb free=243019Kb
 bounds [0x0000000004540000, 0x0000000004800000, 0x0000000013540000]
 total_blobs=1596 nmethods=696 adapters=813
 compilation: enabled

Compilation events (10 events):
Event: 1.597 Thread 0x000000001b5a5800 nmethod 690 0x00000000047ea690 code [0x00000000047ea820, 0x00000000047eabb8]
Event: 1.597 Thread 0x000000001b5a5800  691       3       java.util.regex.Pattern$CharProperty::match (56 bytes)
Event: 1.597 Thread 0x000000001b5a5800 nmethod 691 0x00000000047e9e90 code [0x00000000047ea040, 0x00000000047ea528]
Event: 1.597 Thread 0x000000001b5a5800  692       3       java.lang.Character::codePointAt (51 bytes)
Event: 1.597 Thread 0x000000001b5a5800 nmethod 692 0x00000000047ec4d0 code [0x00000000047ec680, 0x00000000047ecd28]
Event: 1.597 Thread 0x000000001b5a5800  693       3       java.util.regex.Pattern$Node::match (27 bytes)
Event: 1.597 Thread 0x000000001b5a5800 nmethod 693 0x00000000047e9a50 code [0x00000000047e9bc0, 0x00000000047e9d70]
Event: 1.599 Thread 0x000000001b5a0000  694       4       java.lang.String::startsWith (7 bytes)
Event: 1.599 Thread 0x000000001b59e800  695       4       java.lang.AbstractStringBuilder::append (50 bytes)
Event: 1.599 Thread 0x000000001b59c000  696       4       java.util.HashMap::getNode (148 bytes)

GC Heap History (0 events):
No events

Deoptimization events (1 events):
Event: 0.175 Thread 0x0000000004443800 Uncommon trap: reason=null_check action=make_not_entrant pc=0x00000000046aa29c method=java.lang.String.equals(Ljava/lang/Object;)Z @ 8

Internal exceptions (10 events):
Event: 0.093 Thread 0x0000000004443800 Exception <a 'java/security/PrivilegedActionException'> (0x00000000d610e640) thrown at [C:\workspace\8-2-build-windows-amd64-cygwin\jdk8u65\4987\hotspot\src\share\vm\prims\jvm.cpp, line 1386]
Event: 0.093 Thread 0x0000000004443800 Exception <a 'java/security/PrivilegedActionException'> (0x00000000d610e850) thrown at [C:\workspace\8-2-build-windows-amd64-cygwin\jdk8u65\4987\hotspot\src\share\vm\prims\jvm.cpp, line 1386]
Event: 0.096 Thread 0x0000000004443800 Exception <a 'java/io/FileNotFoundException'> (0x00000000d6110d78) thrown at [C:\workspace\8-2-build-windows-amd64-cygwin\jdk8u65\4987\hotspot\src\share\vm\prims\jni.cpp, line 709]
Event: 0.123 Thread 0x0000000004443800 Exception <a 'java/lang/NoSuchFieldError': method resolution failed> (0x00000000d61de9b8) thrown at [C:\workspace\8-2-build-windows-amd64-cygwin\jdk8u65\4987\hotspot\src\share\vm\prims\methodHandles.cpp, line 1146]
Event: 0.124 Thread 0x0000000004443800 Exception <a 'java/lang/NoSuchFieldError': method resolution failed> (0x00000000d61ebd88) thrown at [C:\workspace\8-2-build-windows-amd64-cygwin\jdk8u65\4987\hotspot\src\share\vm\prims\methodHandles.cpp, line 1146]
Event: 0.154 Thread 0x0000000004443800 Exception <a 'java/io/FileNotFoundException'> (0x00000000d6275670) thrown at [C:\workspace\8-2-build-windows-amd64-cygwin\jdk8u65\4987\hotspot\src\share\vm\prims\jni.cpp, line 709]
Event: 0.175 Thread 0x0000000004443800 Implicit null exception at 0x00000000046aa0db to 0x00000000046aa28d
Event: 1.396 Thread 0x0000000004443800 Exception <a 'java/lang/NoSuchMethodError': java.lang.Object.lambda$static$0(Ljava/lang/String;)Ljava/lang/Boolean;> (0x00000000d6df4f98) thrown at [C:\workspace\8-2-build-windows-amd64-cygwin\jdk8u65\4987\hotspot\src\share\vm\interpreter\linkResolver.cpp,lÐ\kè‘ù?
Event: 1.598 Thread 0x0000000004443800 Exception <a 'sun/nio/fs/WindowsException'> (0x00000000d72de9d0) thrown at [C:\workspace\8-2-build-windows-amd64-cygwin\jdk8u65\4987\hotspot\src\share\vm\prims\jni.cpp, line 709]
Event: 1.598 Thread 0x0000000004443800 Exception <a 'sun/nio/fs/WindowsException'> (0x00000000d72df1a0) thrown at [C:\workspace\8-2-build-windows-amd64-cygwin\jdk8u65\4987\hotspot\src\share\vm\prims\jni.cpp, line 709]

Events (10 events):
Event: 1.598 loading class java/nio/file/NoSuchFileException
Event: 1.598 loading class java/nio/file/FileSystemException
Event: 1.598 loading class java/nio/file/FileSystemException done
Event: 1.598 loading class java/nio/file/NoSuchFileException done
Event: 1.599 loading class org/lwjgl/opengl/GL$1
Event: 1.599 loading class org/lwjgl/opengl/GL$1 done
Event: 1.599 loading class org/lwjgl/opengl/GL$SharedLibraryGL
Event: 1.599 loading class org/lwjgl/opengl/GL$SharedLibraryGL done
Event: 1.599 loading class org/lwjgl/system/SharedLibrary$Delegate
Event: 1.599 loading class org/lwjgl/system/SharedLibrary$Delegate done


Dynamic libraries:
0x00007ff7100c0000 - 0x00007ff7100f7000 	C:\Program Files\Java\jdk1.8.0_65\bin\javaw.exe
0x00007fff728a0000 - 0x00007fff72a80000 	C:\WINDOWS\SYSTEM32\ntdll.dll
0x00007fff720a0000 - 0x00007fff7214e000 	C:\WINDOWS\System32\KERNEL32.DLL
0x00007fff6f0a0000 - 0x00007fff6f306000 	C:\WINDOWS\System32\KERNELBASE.dll
0x00007fff6fec0000 - 0x00007fff6ff61000 	C:\WINDOWS\System32\ADVAPI32.dll
0x00007fff72150000 - 0x00007fff721ed000 	C:\WINDOWS\System32\msvcrt.dll
0x00007fff72470000 - 0x00007fff724cb000 	C:\WINDOWS\System32\sechost.dll
0x00007fff72350000 - 0x00007fff7246f000 	C:\WINDOWS\System32\RPCRT4.dll
0x00007fff726e0000 - 0x00007fff7286f000 	C:\WINDOWS\System32\USER32.dll
0x00007fff6fd00000 - 0x00007fff6fd20000 	C:\WINDOWS\System32\win32u.dll
0x00007fff725b0000 - 0x00007fff725d8000 	C:\WINDOWS\System32\GDI32.dll
0x00007fff6f3b0000 - 0x00007fff6f543000 	C:\WINDOWS\System32\gdi32full.dll
0x00007fff6f310000 - 0x00007fff6f3ab000 	C:\WINDOWS\System32\msvcp_win.dll
0x00007fff6eca0000 - 0x00007fff6ed96000 	C:\WINDOWS\System32\ucrtbase.dll
0x00007fff60830000 - 0x00007fff60a99000 	C:\WINDOWS\WinSxS\amd64_microsoft.windows.common-controls_6595b64144ccf1df_6.0.16299.248_none_15ced204935f55d7\COMCTL32.dll
0x00007fff706d0000 - 0x00007fff709d8000 	C:\WINDOWS\System32\combase.dll
0x00007fff6f020000 - 0x00007fff6f092000 	C:\WINDOWS\System32\bcryptPrimitives.dll
0x00007fff721f0000 - 0x00007fff7221d000 	C:\WINDOWS\System32\IMM32.DLL
0x000000006d950000 - 0x000000006da22000 	C:\Program Files\Java\jdk1.8.0_65\jre\bin\msvcr100.dll
0x000000006d0c0000 - 0x000000006d949000 	C:\Program Files\Java\jdk1.8.0_65\jre\bin\server\jvm.dll
0x00007fff72600000 - 0x00007fff72608000 	C:\WINDOWS\System32\PSAPI.DLL
0x00007fff67700000 - 0x00007fff67723000 	C:\WINDOWS\SYSTEM32\WINMM.dll
0x00007fff6d8d0000 - 0x00007fff6d8d9000 	C:\WINDOWS\SYSTEM32\WSOCK32.dll
0x00007fff6a700000 - 0x00007fff6a70a000 	C:\WINDOWS\SYSTEM32\VERSION.dll
0x00007fff72670000 - 0x00007fff726dc000 	C:\WINDOWS\System32\WS2_32.dll
0x00007fff67270000 - 0x00007fff6729a000 	C:\WINDOWS\SYSTEM32\WINMMBASE.dll
0x00007fff6fd20000 - 0x00007fff6fd6a000 	C:\WINDOWS\System32\cfgmgr32.dll
0x000000006d0b0000 - 0x000000006d0bf000 	C:\Program Files\Java\jdk1.8.0_65\jre\bin\verify.dll
0x000000006d080000 - 0x000000006d0a9000 	C:\Program Files\Java\jdk1.8.0_65\jre\bin\java.dll
0x000000006d060000 - 0x000000006d076000 	C:\Program Files\Java\jdk1.8.0_65\jre\bin\zip.dll
0x00007fff709e0000 - 0x00007fff71e16000 	C:\WINDOWS\System32\SHELL32.dll
0x00007fff71e20000 - 0x00007fff71ec6000 	C:\WINDOWS\System32\shcore.dll
0x00007fff6f5b0000 - 0x00007fff6fcf7000 	C:\WINDOWS\System32\windows.storage.dll
0x00007fff72040000 - 0x00007fff72091000 	C:\WINDOWS\System32\shlwapi.dll
0x00007fff6ec10000 - 0x00007fff6ec21000 	C:\WINDOWS\System32\kernel.appcore.dll
0x00007fff6ec50000 - 0x00007fff6ec9c000 	C:\WINDOWS\System32\powrprof.dll
0x00007fff6ec30000 - 0x00007fff6ec4b000 	C:\WINDOWS\System32\profapi.dll
0x000000006cec0000 - 0x000000006d058000 	C:\Program Files\Java\jdk1.8.0_65\jre\bin\awt.dll
0x00007fff71f70000 - 0x00007fff72035000 	C:\WINDOWS\System32\OLEAUT32.dll
0x00007fff68d60000 - 0x00007fff68de8000 	C:\WINDOWS\SYSTEM32\apphelp.dll
0x00007fff6d0a0000 - 0x00007fff6d0ca000 	C:\WINDOWS\system32\DWMAPI.DLL
0x00007fff6cc20000 - 0x00007fff6ccb5000 	C:\WINDOWS\system32\uxtheme.dll
0x00007fff6ff70000 - 0x00007fff700d7000 	C:\WINDOWS\System32\MSCTF.dll
0x00007fff6fd70000 - 0x00007fff6feb9000 	C:\WINDOWS\System32\ole32.dll
0x000000006ce70000 - 0x000000006ceb7000 	C:\Program Files\Java\jdk1.8.0_65\jre\bin\fontmanager.dll
0x000000006ce50000 - 0x000000006ce6a000 	C:\Program Files\Java\jdk1.8.0_65\jre\bin\net.dll
0x00007fff6e420000 - 0x00007fff6e486000 	C:\WINDOWS\system32\mswsock.dll
0x000000006ce30000 - 0x000000006ce41000 	C:\Program Files\Java\jdk1.8.0_65\jre\bin\nio.dll
0x000000006aaf0000 - 0x000000006ab32000 	C:\Program Files\Java\jdk1.8.0_65\jre\bin\t2k.dll
0x00007fff5e8c0000 - 0x00007fff5e958000 	C:\WINDOWS\System32\TextInputFramework.dll
0x00007fff66700000 - 0x00007fff669ee000 	C:\WINDOWS\System32\CoreUIComponents.dll
0x00007fff67f00000 - 0x00007fff67fdc000 	C:\WINDOWS\System32\CoreMessaging.dll
0x00007fff6dd30000 - 0x00007fff6dd61000 	C:\WINDOWS\SYSTEM32\ntmarta.dll
0x00007fff6bfc0000 - 0x00007fff6c0f6000 	C:\WINDOWS\SYSTEM32\wintypes.dll
0x00007fff5e4b0000 - 0x00007fff5e50b000 	C:\Users\Ewan\AppData\Local\Temp\lwjglEwan\3.1.6-build-14\lwjgl.dll
0x00007fff47d00000 - 0x00007fff47d51000 	C:\Users\Ewan\AppData\Local\Temp\lwjglEwan\3.1.6-build-14\glfw.dll
0x00007fff47cb0000 - 0x00007fff47cf3000 	C:\WINDOWS\SYSTEM32\dinput8.dll
0x00007fff6b340000 - 0x00007fff6b350000 	C:\WINDOWS\SYSTEM32\xinput1_4.dll
0x00007fff6e9a0000 - 0x00007fff6e9c7000 	C:\WINDOWS\SYSTEM32\DEVOBJ.dll
0x00007fff63e30000 - 0x00007fff63e5e000 	C:\WINDOWS\SYSTEM32\inputhost.dll
0x00007fff6d8a0000 - 0x00007fff6d8ac000 	C:\WINDOWS\SYSTEM32\HID.DLL
0x00007fff70280000 - 0x00007fff706ce000 	C:\WINDOWS\System32\SETUPAPI.DLL
0x00007fff6f550000 - 0x00007fff6f5a8000 	C:\WINDOWS\System32\WINTRUST.dll
0x00007fff6ebf0000 - 0x00007fff6ec02000 	C:\WINDOWS\System32\MSASN1.dll
0x00007fff6ee50000 - 0x00007fff6f01e000 	C:\WINDOWS\System32\CRYPT32.dll
0x00007fff53610000 - 0x00007fff5372e000 	C:\WINDOWS\SYSTEM32\opengl32.dll
0x00007fff60c30000 - 0x00007fff60c5c000 	C:\WINDOWS\SYSTEM32\GLU32.dll
0x00007fff2c3a0000 - 0x00007fff2ce99000 	C:\WINDOWS\SYSTEM32\ig75icd64.dll
0x00007fff4cf70000 - 0x00007fff4d975000 	C:\WINDOWS\SYSTEM32\igdusc64.dll
0x00007fff6d8b0000 - 0x00007fff6d8c3000 	C:\WINDOWS\SYSTEM32\WTSAPI32.dll
0x00007fff6da60000 - 0x00007fff6db0f000 	C:\WINDOWS\SYSTEM32\dxgi.dll
0x00007fff6b870000 - 0x00007fff6bb52000 	C:\WINDOWS\SYSTEM32\d3d11.dll
0x00007fff55110000 - 0x00007fff55e1d000 	C:\WINDOWS\SYSTEM32\igd10iumd64.dll
0x00007fff6e6f0000 - 0x00007fff6e715000 	C:\WINDOWS\SYSTEM32\bcrypt.dll
0x00007fff6e6c0000 - 0x00007fff6e6e6000 	C:\WINDOWS\SYSTEM32\ncrypt.dll
0x00007fff6e680000 - 0x00007fff6e6b6000 	C:\WINDOWS\SYSTEM32\NTASN1.dll
0x00007fff47c50000 - 0x00007fff47caf000 	C:\Users\Ewan\AppData\Local\Temp\lwjglEwan\3.1.6-build-14\lwjgl_opengl.dll
0x00007fff5a920000 - 0x00007fff5aae8000 	C:\WINDOWS\SYSTEM32\dbghelp.dll

VM Arguments:
jvm_args: -Dfile.encoding=Cp1252 
java_command: pixelphysics2.main.Main
java_class_path (initial): C:\Users\Ewan\git\Pixel-Physics-2\PixelPhysics2\bin;C:\Users\Ewan\git\Pixel-Physics-2\PixelPhysics2\jgoodies-forms-1.8.0.jar;C:\Users\Ewan\Downloads\lwjgl-stable-2018-03-10-custom (1)\realshit\joml-1.9.8.jar;C:\Users\Ewan\Downloads\lwjgl-stable-2018-03-10-custom (1)\realshit\lwjgl.jar;C:\Users\Ewan\Downloads\lwjgl-stable-2018-03-10-custom (1)\realshit\lwjgl-assimp.jar;C:\Users\Ewan\Downloads\lwjgl-stable-2018-03-10-custom (1)\realshit\lwjgl-assimp-natives-windows.jar;C:\Users\Ewan\Downloads\lwjgl-stable-2018-03-10-custom (1)\realshit\lwjgl-bgfx.jar;C:\Users\Ewan\Downloads\lwjgl-stable-2018-03-10-custom (1)\realshit\lwjgl-bgfx-natives-windows.jar;C:\Users\Ewan\Downloads\lwjgl-stable-2018-03-10-custom (1)\realshit\lwjgl-egl.jar;C:\Users\Ewan\Downloads\lwjgl-stable-2018-03-10-custom (1)\realshit\lwjgl-glfw.jar;C:\Users\Ewan\Downloads\lwjgl-stable-2018-03-10-custom (1)\realshit\lwjgl-glfw-natives-windows.jar;C:\Users\Ewan\Downloads\lwjgl-stable-2018-03-10-custom (1)\realshit\lwjgl-jawt.jar;C:\Users\Ewan\Downloads\lwjgl-stable-2018-03-10-custom (1)\realshit\lwjgl-jemalloc.jar;C:\Users\Ewan\Downloads\lwjgl-stable-2018-03-10-custom (1)\realshit\lwjgl-jemalloc-natives-windows.jar;C:\Users\Ewan\Downloads\lwjgl-stable-2018-03-10-custom (1)\realshit\lwjgl-lmdb.jar;C:\Users\Ewan\Downloads\lwjgl-stable-2018-03-10-custom (1)\realshit\lwjgl-lmdb-natives-windows.jar;C:\Users\Ewan\Downloads\lwjgl-stable-2018-03-10-custom (1)\realshit\lwjgl-lz4.jar;C:\Users\Ewan\Downloads\lwjgl-stable-2018-03-10-custom (1)\realshit\lwjgl-lz4-natives-windows.jar;C:\Users\Ewan\Downloads\lwjgl-stable-2018-03-10-custom (1)\realshit\lwjgl-nanovg.jar;C:\Users\Ewan\Downloads\lwjgl-stable-2018-03-10-custom (1)\realshit\lwjgl-nanovg-natives-windows.jar;C:\Users\Ewan\Downloads\lwjgl-stable-2018-03-10-custom (1)\realshit\lwjgl-natives-windows.jar;C:\Users\Ewan\Downloads\lwjgl-stable-2018-03-10-custom (1)\realshit\lwjgl-nfd.jar;C:\Users\Ewan\Downloads\lwjgl-stable-2018-03-10-custom (
Launcher Type: SUN_STANDARD

Environment Variables:
JAVA_HOME=C:\Program Files\Java\jre1.8.0_65
PATH=C:/Program Files/Java/jre1.8.0_144/bin/server;C:/Program Files/Java/jre1.8.0_144/bin;C:/Program Files/Java/jre1.8.0_144/lib/amd64;C:\ProgramData\Oracle\Java\javapath;C:\Windows\system32;C:\Windows;C:\Windows\System32\Wbem;C:\Windows\System32\WindowsPowerShell\v1.0\;C:\WINDOWS\system32;C:\WINDOWS;C:\WINDOWS\System32\Wbem;C:\WINDOWS\System32\WindowsPowerShell\v1.0\;C:\Program Files\Microsoft SQL Server\120\Tools\Binn\;C:\Users\Ewan\.dnx\bin;C:\Program Files\Microsoft DNX\Dnvm\;C:\Program Files\Microsoft SQL Server\130\Tools\Binn\;C:\Program Files (x86)\Windows Kits\10\Windows Performance Toolkit\;C:\Program Files (x86)\nodejs\;C:\Program Files (x86)\Windows Live\Shared;C:\WINDOWS\system32;C:\WINDOWS;C:\WINDOWS\System32\Wbem;C:\WINDOWS\System32\WindowsPowerShell\v1.0\;C:\Program Files\AMI\DuOS\;C:\Program Files (x86)\Skype\Phone\;C:\ffmpeg\bin;;C:\Program Files (x86)\NVIDIA Corporation\PhysX\Common;C:\Users\Ewan\AppData\Roaming\npm;C:\Users\Ewan\AppData\Local\Microsoft\WindowsApps;;C:\Program Files\AMI\DuOS\;C:\WINDOWS\System32;
USERNAME=Ewan
OS=Windows_NT
PROCESSOR_IDENTIFIER=Intel64 Family 6 Model 60 Stepping 3, GenuineIntel



---------------  S Y S T E M  ---------------

OS: Windows 10.0 , 64 bit Build 16299 (10.0.16299.15)

CPU:total 8 (4 cores per cpu, 2 threads per core) family 6 model 60 stepping 3, cmov, cx8, fxsr, mmx, sse, sse2, sse3, ssse3, sse4.1, sse4.2, popcnt, avx, avx2, aes, clmul, erms, lzcnt, ht, tsc, tscinvbit, bmi1, bmi2

Memory: 4k page, physical 8271308k(2051576k free), swap 11154892k(2595340k free)

vm_info: Java HotSpot(TM) 64-Bit Server VM (25.65-b01) for windows-amd64 JRE (1.8.0_65-b17), built on Oct  6 2015 16:39:20 by "java_re" with MS VC++ 10.0 (VS2010)

time: Mon Mar 12 19:55:32 2018
elapsed time: 1 seconds (0d 0h 0m 1s)

